2023-12-16 15:33:02.265 [info] Started initializing default profile extensions in extensions installation folder. file:///root/.vscode/extensions
2023-12-16 15:33:02.906 [error] [uncaught exception in sharedProcess]: Error: ENOENT: no such file or directory, stat '/root/.vscode/extensions/extensions.json.vsctmp': EntryNotFound (FileSystemError): Error: ENOENT: no such file or directory, stat '/root/.vscode/extensions/extensions.json.vsctmp'
    at r.create (/snap/code/148/usr/share/code/resources/app/out/vs/code/node/sharedProcess/sharedProcessMain.js:51:30056)
    at a (/snap/code/148/usr/share/code/resources/app/out/vs/code/node/sharedProcess/sharedProcessMain.js:51:30170)
    at s.fb (/snap/code/148/usr/share/code/resources/app/out/vs/code/node/sharedProcess/sharedProcessMain.js:56:36175)
    at s.stat (/snap/code/148/usr/share/code/resources/app/out/vs/code/node/sharedProcess/sharedProcessMain.js:56:28621)
    at async E.stat (/snap/code/148/usr/share/code/resources/app/out/vs/code/node/sharedProcess/sharedProcessMain.js:56:15732)
    at async Y.tb (/snap/code/148/usr/share/code/resources/app/out/vs/code/node/sharedProcess/sharedProcessMain.js:100:111319)
2023-12-16 15:33:02.914 [warning] Failed to create default profile extensions manifest in extensions installation folder. file:///root/.vscode/extensions Unable to create file 'vscode-userdata:/root/.vscode/extensions/extensions.json' that already exists when overwrite flag is not set
2023-12-16 15:33:02.915 [info] Completed initializing default profile extensions in extensions installation folder. file:///root/.vscode/extensions
2023-12-16 15:36:59.475 [info] Getting Manifest... ms-azuretools.vscode-docker
2023-12-16 15:36:59.752 [info] Installing extension: ms-azuretools.vscode-docker
2023-12-16 15:37:17.805 [info] Extension signature is verified: ms-azuretools.vscode-docker
2023-12-16 15:37:18.838 [info] Extracted extension to file:///root/.vscode/extensions/ms-azuretools.vscode-docker-1.28.0: ms-azuretools.vscode-docker
2023-12-16 15:37:18.857 [info] Renamed to /root/.vscode/extensions/ms-azuretools.vscode-docker-1.28.0
2023-12-16 15:37:18.928 [info] Extracting extension completed. ms-azuretools.vscode-docker
2023-12-16 15:37:18.976 [info] Extension installed successfully: ms-azuretools.vscode-docker
2023-12-16 15:37:19.045 [error] [uncaught exception in sharedProcess]: Error: ENOENT: no such file or directory, stat '/root/.vscode/extensions/extensions.json.vsctmp': EntryNotFound (FileSystemError): Error: ENOENT: no such file or directory, stat '/root/.vscode/extensions/extensions.json.vsctmp'
    at r.create (/snap/code/148/usr/share/code/resources/app/out/vs/code/node/sharedProcess/sharedProcessMain.js:51:30056)
    at a (/snap/code/148/usr/share/code/resources/app/out/vs/code/node/sharedProcess/sharedProcessMain.js:51:30170)
    at s.fb (/snap/code/148/usr/share/code/resources/app/out/vs/code/node/sharedProcess/sharedProcessMain.js:56:36175)
    at s.stat (/snap/code/148/usr/share/code/resources/app/out/vs/code/node/sharedProcess/sharedProcessMain.js:56:28621)
    at async E.stat (/snap/code/148/usr/share/code/resources/app/out/vs/code/node/sharedProcess/sharedProcessMain.js:56:15732)
    at async Y.tb (/snap/code/148/usr/share/code/resources/app/out/vs/code/node/sharedProcess/sharedProcessMain.js:100:111319)
