2023-12-16 15:32:59.463 [info] Added views:workbench.panel.markers.view in workbench.panel.markers
2023-12-16 15:32:59.463 [info] Added views:workbench.panel.output in workbench.panel.output
2023-12-16 15:32:59.463 [info] Added views:terminal in terminal
2023-12-16 15:32:59.463 [info] Added views:outline in workbench.view.explorer
2023-12-16 15:32:59.463 [info] Added views:workbench.scm in workbench.view.scm
2023-12-16 15:32:59.463 [info] Added views:workbench.view.search in workbench.view.search
2023-12-16 15:32:59.463 [info] Added views:timeline in workbench.view.explorer
2023-12-16 15:32:59.466 [info] Added views:workbench.explorer.emptyView in workbench.view.explorer
2023-12-16 15:33:00.549 [info] Added views:workbench.debug.variablesView,workbench.debug.watchExpressionsView,workbench.debug.callStackView,workbench.debug.breakPointsView in workbench.view.debug
2023-12-16 15:33:03.379 [info] Added views:workbench.panel.repl.view in workbench.panel.repl
2023-12-16 15:33:03.385 [info] Removed views:workbench.debug.breakPointsView,workbench.debug.callStackView,workbench.debug.watchExpressionsView,workbench.debug.variablesView from workbench.view.debug
2023-12-16 15:33:03.387 [info] Added views:workbench.debug.welcome in workbench.view.debug
2023-12-16 15:33:04.513 [info] Added views:~remote.forwardedPorts in ~remote.forwardedPortsContainer
2023-12-16 15:33:13.056 [info] Added views:workbench.panel.markers.view in workbench.panel.markers
2023-12-16 15:33:13.056 [info] Added views:workbench.panel.output in workbench.panel.output
2023-12-16 15:33:13.056 [info] Added views:terminal in terminal
2023-12-16 15:33:13.056 [info] Added views:outline in workbench.view.explorer
2023-12-16 15:33:13.056 [info] Added views:workbench.scm in workbench.view.scm
2023-12-16 15:33:13.056 [info] Added views:workbench.view.search in workbench.view.search
2023-12-16 15:33:13.056 [info] Added views:timeline in workbench.view.explorer
2023-12-16 15:33:13.056 [info] Added views:workbench.explorer.fileView in workbench.view.explorer
2023-12-16 15:33:15.242 [info] Added views:workbench.debug.variablesView,workbench.debug.watchExpressionsView,workbench.debug.callStackView,workbench.debug.breakPointsView in workbench.view.debug
2023-12-16 15:33:15.295 [info] Added views:workbench.panel.repl.view in workbench.panel.repl
2023-12-16 15:33:15.300 [info] Removed views:workbench.debug.breakPointsView,workbench.debug.callStackView,workbench.debug.watchExpressionsView,workbench.debug.variablesView from workbench.view.debug
2023-12-16 15:33:15.309 [info] Added views:workbench.debug.welcome in workbench.view.debug
2023-12-16 15:33:15.889 [info] Added views:~remote.forwardedPorts in ~remote.forwardedPortsContainer
2023-12-16 15:36:56.419 [info] Added views:workbench.views.extensions.installed,workbench.views.extensions.popular,extensions.recommendedList in workbench.view.extensions
2023-12-16 15:36:56.427 [info] Removed views:workbench.views.extensions.popular from workbench.view.extensions
2023-12-16 15:36:57.272 [info] Removed views:extensions.recommendedList,workbench.views.extensions.installed from workbench.view.extensions
2023-12-16 15:36:57.354 [info] Added views:workbench.views.extensions.marketplace in workbench.view.extensions
2023-12-16 15:37:19.736 [info] Added views:dockerContainers,dockerImages,dockerRegistries,dockerNetworks,dockerVolumes,vscode-docker.views.dockerContexts,vscode-docker.views.help in workbench.view.extension.dockerView
