2023-12-16 15:33:04.893 [info] Log level: Info
2023-12-16 15:33:04.894 [info] Validating found git in: "git"
2023-12-16 15:33:04.894 [info] Using git "2.34.1" from "git"
2023-12-16 15:33:23.307 [info] Log level: Info
2023-12-16 15:33:23.308 [info] Validating found git in: "git"
2023-12-16 15:33:23.308 [info] Using git "2.34.1" from "git"
2023-12-16 15:33:23.308 [info] > git rev-parse --show-toplevel [28ms]
2023-12-16 15:33:23.308 [info] fatal: not a git repository (or any of the parent directories): .git
2023-12-16 15:33:23.326 [info] > git rev-parse --show-toplevel [12ms]
2023-12-16 15:33:23.326 [info] fatal: not a git repository (or any of the parent directories): .git
2023-12-16 15:33:23.333 [info] > git rev-parse --show-toplevel [2ms]
2023-12-16 15:33:23.333 [info] fatal: not a git repository (or any of the parent directories): .git
2023-12-16 15:33:23.340 [info] > git rev-parse --show-toplevel [2ms]
2023-12-16 15:33:23.340 [info] fatal: not a git repository (or any of the parent directories): .git
2023-12-16 15:33:23.345 [info] > git rev-parse --show-toplevel [2ms]
2023-12-16 15:33:23.345 [info] fatal: not a git repository (or any of the parent directories): .git
2023-12-16 15:33:31.923 [info] > git rev-parse --show-toplevel [5ms]
2023-12-16 15:33:31.923 [info] fatal: not a git repository (or any of the parent directories): .git
2023-12-16 15:36:19.512 [info] > git rev-parse --show-toplevel [16ms]
2023-12-16 15:36:19.512 [info] fatal: not a git repository (or any of the parent directories): .git
2023-12-16 15:37:19.441 [info] > git rev-parse --show-toplevel [3ms]
2023-12-16 15:37:19.441 [info] fatal: not a git repository (or any of the parent directories): .git
2023-12-16 15:37:29.876 [info] > git rev-parse --show-toplevel [12ms]
2023-12-16 15:37:29.876 [info] fatal: not a git repository (or any of the parent directories): .git
2023-12-16 15:37:31.968 [info] > git rev-parse --show-toplevel [12ms]
2023-12-16 15:37:31.969 [info] fatal: not a git repository (or any of the parent directories): .git
2023-12-16 15:37:36.109 [info] > git rev-parse --show-toplevel [45ms]
2023-12-16 15:37:36.109 [info] fatal: not a git repository (or any of the parent directories): .git
2023-12-16 15:55:15.549 [info] > git rev-parse --show-toplevel [46ms]
2023-12-16 15:55:15.549 [info] fatal: not a git repository (or any of the parent directories): .git
2023-12-16 16:02:30.264 [info] > git rev-parse --show-toplevel [23ms]
2023-12-16 16:02:30.264 [info] fatal: not a git repository (or any of the parent directories): .git
2023-12-16 16:04:09.780 [info] > git rev-parse --show-toplevel [8ms]
2023-12-16 16:04:09.780 [info] fatal: not a git repository (or any of the parent directories): .git
2023-12-16 16:06:30.798 [info] > git rev-parse --show-toplevel [27ms]
2023-12-16 16:06:30.799 [info] fatal: not a git repository (or any of the parent directories): .git
