2023-12-16 15:33:02.869 [info] Extension host with pid 38921 started
2023-12-16 15:33:03.390 [info] ExtensionService#_doActivateExtension vscode.git-base, startup: true, activationEvent: '*', root cause: vscode.git
2023-12-16 15:33:03.532 [info] ExtensionService#_doActivateExtension vscode.git, startup: true, activationEvent: '*'
2023-12-16 15:33:03.959 [info] ExtensionService#_doActivateExtension vscode.github, startup: true, activationEvent: '*'
2023-12-16 15:33:04.881 [info] Eager extensions activated
2023-12-16 15:33:05.590 [info] ExtensionService#_doActivateExtension vscode.debug-auto-launch, startup: false, activationEvent: 'onStartupFinished'
2023-12-16 15:33:05.598 [info] ExtensionService#_doActivateExtension vscode.merge-conflict, startup: false, activationEvent: 'onStartupFinished'
2023-12-16 15:33:11.974 [info] Extension host terminating: renderer closed the MessagePort
2023-12-16 15:33:12.054 [info] Extension host with pid 38921 exiting with code 0
2023-12-16 15:33:15.156 [info] Extension host with pid 38986 started
2023-12-16 15:33:15.156 [info] Skipping acquiring lock for /home/kabbash/docker-course/frontend-app/~/.vscode-root/User/workspaceStorage/0261dec27299f1c4c3ec418e3fbde91d.
2023-12-16 15:33:15.317 [info] ExtensionService#_doActivateExtension vscode.git-base, startup: true, activationEvent: '*'
2023-12-16 15:33:15.332 [info] ExtensionService#_doActivateExtension vscode.npm, startup: true, activationEvent: 'workspaceContains:package.json'
2023-12-16 15:33:15.642 [info] ExtensionService#_doActivateExtension vscode.github, startup: true, activationEvent: '*'
2023-12-16 15:33:16.061 [info] Eager extensions activated
2023-12-16 15:33:16.092 [info] ExtensionService#_doActivateExtension vscode.debug-auto-launch, startup: false, activationEvent: 'onStartupFinished'
2023-12-16 15:33:16.099 [info] ExtensionService#_doActivateExtension vscode.merge-conflict, startup: false, activationEvent: 'onStartupFinished'
2023-12-16 15:33:19.412 [info] ExtensionService#_doActivateExtension vscode.emmet, startup: false, activationEvent: 'onLanguage'
2023-12-16 15:33:22.805 [info] ExtensionService#_doActivateExtension vscode.git, startup: false, activationEvent: 'api', root cause: vscode.github
2023-12-16 15:36:19.892 [info] ExtensionService#_doActivateExtension vscode.extension-editing, startup: false, activationEvent: 'onLanguage:json'
2023-12-16 15:36:19.991 [info] ExtensionService#_doActivateExtension vscode.json-language-features, startup: false, activationEvent: 'onLanguage:json'
2023-12-16 15:36:26.739 [info] ExtensionService#_doActivateExtension vscode.typescript-language-features, startup: false, activationEvent: 'onLanguage:jsonc'
2023-12-16 15:37:20.941 [info] ExtensionService#_doActivateExtension ms-azuretools.vscode-docker, startup: false, activationEvent: 'onLanguage:dockerfile'
