2023-12-17 23:01:13.152 [info] Log level: Info
2023-12-17 23:01:13.152 [info] Validating found git in: "git"
2023-12-17 23:01:13.152 [info] Using git "2.34.1" from "git"
2023-12-17 23:01:13.152 [info] > git rev-parse --show-toplevel [13ms]
2023-12-17 23:01:13.152 [info] fatal: not a git repository (or any of the parent directories): .git
2023-12-17 23:01:13.152 [info] > git rev-parse --show-toplevel [30ms]
2023-12-17 23:01:13.152 [info] fatal: not a git repository (or any of the parent directories): .git
2023-12-17 23:01:13.152 [info] > git rev-parse --show-toplevel [16ms]
2023-12-17 23:01:13.152 [info] fatal: not a git repository (or any of the parent directories): .git
2023-12-17 23:01:13.152 [info] > git rev-parse --show-toplevel [27ms]
2023-12-17 23:01:13.152 [info] fatal: not a git repository (or any of the parent directories): .git
2023-12-17 23:01:13.152 [info] > git rev-parse --show-toplevel [14ms]
2023-12-17 23:01:13.152 [info] fatal: not a git repository (or any of the parent directories): .git
2023-12-17 23:01:18.498 [info] > git rev-parse --show-toplevel [15ms]
2023-12-17 23:01:18.498 [info] fatal: not a git repository (or any of the parent directories): .git
2023-12-17 23:01:20.574 [info] > git rev-parse --show-toplevel [179ms]
2023-12-17 23:01:20.574 [info] fatal: not a git repository (or any of the parent directories): .git
2023-12-17 23:01:20.775 [info] > git rev-parse --show-toplevel [71ms]
2023-12-17 23:01:20.775 [info] fatal: not a git repository (or any of the parent directories): .git
2023-12-17 23:01:22.139 [info] > git rev-parse --show-toplevel [17ms]
2023-12-17 23:01:22.139 [info] fatal: not a git repository (or any of the parent directories): .git
2023-12-17 23:01:22.752 [info] > git rev-parse --show-toplevel [53ms]
2023-12-17 23:01:22.752 [info] fatal: not a git repository (or any of the parent directories): .git
2023-12-17 23:01:23.626 [info] > git rev-parse --show-toplevel [28ms]
2023-12-17 23:01:23.626 [info] fatal: not a git repository (or any of the parent directories): .git
2023-12-17 23:03:45.661 [info] > git rev-parse --show-toplevel [7ms]
2023-12-17 23:03:45.661 [info] fatal: not a git repository (or any of the parent directories): .git
2023-12-18 19:03:14.459 [info] > git rev-parse --show-toplevel [8ms]
2023-12-18 19:03:14.459 [info] fatal: not a git repository (or any of the parent directories): .git
2023-12-18 19:10:49.859 [info] > git rev-parse --show-toplevel [2ms]
2023-12-18 19:10:49.870 [info] > git rev-parse --git-dir --git-common-dir [6ms]
2023-12-18 19:10:49.912 [info] Open repository: /home/kabbash/docker-course/frontend-app
2023-12-18 19:10:49.983 [info] No remotes found in the git config file.
2023-12-18 19:10:50.000 [info] > git config --get commit.template [46ms]
2023-12-18 19:10:50.001 [info] > git for-each-ref --format=%(refname)%00%(upstream:short)%00%(objectname)%00%(upstream:track)%00%(upstream:remotename)%00%(upstream:remoteref) refs/heads/master refs/remotes/master [19ms]
2023-12-18 19:10:50.016 [info] > git status -z -uall [7ms]
2023-12-18 19:10:50.279 [info] > git config --get commit.template [147ms]
2023-12-18 19:10:50.408 [info] No remotes found in the git config file.
2023-12-18 19:10:50.415 [info] > git for-each-ref --format=%(refname)%00%(upstream:short)%00%(objectname)%00%(upstream:track)%00%(upstream:remotename)%00%(upstream:remoteref) refs/heads/master refs/remotes/master [7ms]
2023-12-18 19:10:50.556 [info] > git status -z -uall [102ms]
2023-12-18 19:10:50.584 [info] > git check-ignore -v -z --stdin [28ms]
2023-12-18 19:10:50.625 [info] > git show --textconv :docker-compose.yml [12ms]
2023-12-18 19:10:50.630 [info] > git ls-files --stage -- /home/kabbash/docker-course/frontend-app/docker-compose.yml [6ms]
2023-12-18 19:10:51.903 [info] No remotes found in the git config file.
2023-12-18 19:10:51.904 [info] > git config --get commit.template [12ms]
2023-12-18 19:10:51.906 [info] > git for-each-ref --format=%(refname)%00%(upstream:short)%00%(objectname)%00%(upstream:track)%00%(upstream:remotename)%00%(upstream:remoteref) refs/heads/master refs/remotes/master [3ms]
2023-12-18 19:10:51.916 [info] > git status -z -uall [5ms]
2023-12-18 19:10:56.988 [info] No remotes found in the git config file.
2023-12-18 19:10:56.991 [info] > git config --get commit.template [26ms]
2023-12-18 19:10:56.998 [info] > git for-each-ref --format=%(refname)%00%(upstream:short)%00%(objectname)%00%(upstream:track)%00%(upstream:remotename)%00%(upstream:remoteref) refs/heads/master refs/remotes/master [11ms]
2023-12-18 19:10:57.016 [info] > git status -z -uall [5ms]
2023-12-18 19:10:58.039 [info] > git ls-files --stage -- /home/kabbash/docker-course/frontend-app/docker-compose.yml [2ms]
2023-12-18 19:10:58.053 [info] > git cat-file -s db82cdc1da93827cc95533f5472caffb18e3bf11 [2ms]
2023-12-18 19:10:58.063 [info] > git show --textconv :docker-compose.yml [2ms]
2023-12-18 19:11:02.068 [info] No remotes found in the git config file.
2023-12-18 19:11:02.068 [info] > git config --get commit.template [8ms]
2023-12-18 19:11:02.070 [info] > git for-each-ref --format=%(refname)%00%(upstream:short)%00%(objectname)%00%(upstream:track)%00%(upstream:remotename)%00%(upstream:remoteref) refs/heads/master refs/remotes/master [3ms]
2023-12-18 19:11:02.081 [info] > git status -z -uall [5ms]
2023-12-18 19:11:02.623 [info] > git ls-files --stage -- /home/kabbash/docker-course/frontend-app/docker-compose.yml [6ms]
2023-12-18 19:11:02.636 [info] > git cat-file -s db82cdc1da93827cc95533f5472caffb18e3bf11 [3ms]
2023-12-18 19:11:02.646 [info] > git show --textconv :docker-compose.yml [2ms]
2023-12-18 19:11:07.152 [info] No remotes found in the git config file.
2023-12-18 19:11:07.153 [info] > git config --get commit.template [9ms]
2023-12-18 19:11:07.155 [info] > git for-each-ref --format=%(refname)%00%(upstream:short)%00%(objectname)%00%(upstream:track)%00%(upstream:remotename)%00%(upstream:remoteref) refs/heads/master refs/remotes/master [3ms]
2023-12-18 19:11:07.166 [info] > git status -z -uall [6ms]
2023-12-18 19:11:13.922 [info] No remotes found in the git config file.
2023-12-18 19:11:13.928 [info] > git config --get commit.template [20ms]
2023-12-18 19:11:13.963 [info] > git for-each-ref --format=%(refname)%00%(upstream:short)%00%(objectname)%00%(upstream:track)%00%(upstream:remotename)%00%(upstream:remoteref) refs/heads/master refs/remotes/master [41ms]
2023-12-18 19:11:14.023 [info] > git status -z -uall [38ms]
2023-12-18 19:11:19.109 [info] No remotes found in the git config file.
2023-12-18 19:11:19.110 [info] > git config --get commit.template [12ms]
2023-12-18 19:11:19.112 [info] > git for-each-ref --format=%(refname)%00%(upstream:short)%00%(objectname)%00%(upstream:track)%00%(upstream:remotename)%00%(upstream:remoteref) refs/heads/master refs/remotes/master [3ms]
2023-12-18 19:11:19.123 [info] > git status -z -uall [6ms]
2023-12-18 19:11:21.263 [info] > git ls-files --stage -- /home/kabbash/docker-course/frontend-app/docker-compose.yml [3ms]
2023-12-18 19:11:21.271 [info] > git cat-file -s db82cdc1da93827cc95533f5472caffb18e3bf11 [2ms]
2023-12-18 19:11:21.283 [info] > git show --textconv :docker-compose.yml [2ms]
2023-12-18 19:11:24.165 [info] > git config --get commit.template [8ms]
2023-12-18 19:11:24.168 [info] > git for-each-ref --format=%(refname)%00%(upstream:short)%00%(objectname)%00%(upstream:track)%00%(upstream:remotename)%00%(upstream:remoteref) refs/heads/master refs/remotes/master [3ms]
2023-12-18 19:11:24.186 [info] > git status -z -uall [9ms]
2023-12-18 19:11:29.243 [info] > git config --get commit.template [11ms]
2023-12-18 19:11:29.246 [info] > git for-each-ref --format=%(refname)%00%(upstream:short)%00%(objectname)%00%(upstream:track)%00%(upstream:remotename)%00%(upstream:remoteref) refs/heads/master refs/remotes/master [3ms]
2023-12-18 19:11:29.259 [info] > git status -z -uall [8ms]
2023-12-18 19:11:34.321 [info] > git config --get commit.template [12ms]
2023-12-18 19:11:34.324 [info] > git for-each-ref --format=%(refname)%00%(upstream:short)%00%(objectname)%00%(upstream:track)%00%(upstream:remotename)%00%(upstream:remoteref) refs/heads/master refs/remotes/master [3ms]
2023-12-18 19:11:34.335 [info] > git status -z -uall [6ms]
2023-12-18 19:11:39.390 [info] > git config --get commit.template [15ms]
2023-12-18 19:11:39.392 [info] > git for-each-ref --format=%(refname)%00%(upstream:short)%00%(objectname)%00%(upstream:track)%00%(upstream:remotename)%00%(upstream:remoteref) refs/heads/master refs/remotes/master [3ms]
2023-12-18 19:11:39.404 [info] > git status -z -uall [6ms]
2023-12-18 19:11:44.430 [info] > git config --get commit.template [8ms]
2023-12-18 19:11:44.432 [info] > git for-each-ref --format=%(refname)%00%(upstream:short)%00%(objectname)%00%(upstream:track)%00%(upstream:remotename)%00%(upstream:remoteref) refs/heads/master refs/remotes/master [3ms]
2023-12-18 19:11:44.444 [info] > git status -z -uall [7ms]
2023-12-18 19:11:49.496 [info] > git config --get commit.template [11ms]
2023-12-18 19:11:49.498 [info] > git for-each-ref --format=%(refname)%00%(upstream:short)%00%(objectname)%00%(upstream:track)%00%(upstream:remotename)%00%(upstream:remoteref) refs/heads/master refs/remotes/master [3ms]
2023-12-18 19:11:49.510 [info] > git status -z -uall [6ms]
2023-12-18 19:11:54.538 [info] > git config --get commit.template [9ms]
2023-12-18 19:11:54.540 [info] > git for-each-ref --format=%(refname)%00%(upstream:short)%00%(objectname)%00%(upstream:track)%00%(upstream:remotename)%00%(upstream:remoteref) refs/heads/master refs/remotes/master [3ms]
2023-12-18 19:11:54.550 [info] > git status -z -uall [5ms]
2023-12-18 19:11:59.614 [info] > git config --get commit.template [13ms]
2023-12-18 19:11:59.617 [info] > git for-each-ref --format=%(refname)%00%(upstream:short)%00%(objectname)%00%(upstream:track)%00%(upstream:remotename)%00%(upstream:remoteref) refs/heads/master refs/remotes/master [4ms]
2023-12-18 19:11:59.631 [info] > git status -z -uall [7ms]
2023-12-18 19:12:04.672 [info] > git config --get commit.template [15ms]
2023-12-18 19:12:04.674 [info] > git for-each-ref --format=%(refname)%00%(upstream:short)%00%(objectname)%00%(upstream:track)%00%(upstream:remotename)%00%(upstream:remoteref) refs/heads/master refs/remotes/master [5ms]
2023-12-18 19:12:04.690 [info] > git status -z -uall [9ms]
2023-12-18 19:12:09.765 [info] > git config --get commit.template [32ms]
2023-12-18 19:12:09.780 [info] > git for-each-ref --format=%(refname)%00%(upstream:short)%00%(objectname)%00%(upstream:track)%00%(upstream:remotename)%00%(upstream:remoteref) refs/heads/master refs/remotes/master [27ms]
2023-12-18 19:12:09.847 [info] > git status -z -uall [38ms]
2023-12-18 19:12:14.895 [info] > git config --get commit.template [11ms]
2023-12-18 19:12:14.897 [info] > git for-each-ref --format=%(refname)%00%(upstream:short)%00%(objectname)%00%(upstream:track)%00%(upstream:remotename)%00%(upstream:remoteref) refs/heads/master refs/remotes/master [3ms]
2023-12-18 19:12:14.908 [info] > git status -z -uall [6ms]
2023-12-18 19:12:19.961 [info] > git config --get commit.template [14ms]
2023-12-18 19:12:19.963 [info] > git for-each-ref --format=%(refname)%00%(upstream:short)%00%(objectname)%00%(upstream:track)%00%(upstream:remotename)%00%(upstream:remoteref) refs/heads/master refs/remotes/master [3ms]
2023-12-18 19:12:19.975 [info] > git status -z -uall [6ms]
2023-12-18 19:12:35.208 [info] > git config --get commit.template [48ms]
2023-12-18 19:12:35.217 [info] > git for-each-ref --format=%(refname)%00%(upstream:short)%00%(objectname)%00%(upstream:track)%00%(upstream:remotename)%00%(upstream:remoteref) refs/heads/master refs/remotes/master [10ms]
2023-12-18 19:12:35.264 [info] > git status -z -uall [21ms]
2023-12-18 19:12:40.328 [info] > git config --get commit.template [15ms]
2023-12-18 19:12:40.331 [info] > git for-each-ref --format=%(refname)%00%(upstream:short)%00%(objectname)%00%(upstream:track)%00%(upstream:remotename)%00%(upstream:remoteref) refs/heads/master refs/remotes/master [3ms]
2023-12-18 19:12:40.347 [info] > git status -z -uall [9ms]
2023-12-18 19:12:45.392 [info] > git config --get commit.template [8ms]
2023-12-18 19:12:45.394 [info] > git for-each-ref --format=%(refname)%00%(upstream:short)%00%(objectname)%00%(upstream:track)%00%(upstream:remotename)%00%(upstream:remoteref) refs/heads/master refs/remotes/master [3ms]
2023-12-18 19:12:45.410 [info] > git status -z -uall [10ms]
2023-12-18 19:12:50.483 [info] > git config --get commit.template [23ms]
2023-12-18 19:12:50.485 [info] > git for-each-ref --format=%(refname)%00%(upstream:short)%00%(objectname)%00%(upstream:track)%00%(upstream:remotename)%00%(upstream:remoteref) refs/heads/master refs/remotes/master [2ms]
2023-12-18 19:12:50.535 [info] > git status -z -uall [29ms]
2023-12-18 19:12:55.590 [info] > git config --get commit.template [12ms]
2023-12-18 19:12:55.593 [info] > git for-each-ref --format=%(refname)%00%(upstream:short)%00%(objectname)%00%(upstream:track)%00%(upstream:remotename)%00%(upstream:remoteref) refs/heads/master refs/remotes/master [4ms]
2023-12-18 19:12:55.604 [info] > git status -z -uall [6ms]
2023-12-18 19:13:00.368 [info] > git check-ignore -v -z --stdin [2ms]
2023-12-18 19:13:00.653 [info] > git config --get commit.template [14ms]
2023-12-18 19:13:00.655 [info] > git for-each-ref --format=%(refname)%00%(upstream:short)%00%(objectname)%00%(upstream:track)%00%(upstream:remotename)%00%(upstream:remoteref) refs/heads/master refs/remotes/master [3ms]
2023-12-18 19:13:00.668 [info] > git status -z -uall [7ms]
2023-12-18 19:13:05.751 [info] > git config --get commit.template [16ms]
2023-12-18 19:13:05.767 [info] > git for-each-ref --format=%(refname)%00%(upstream:short)%00%(objectname)%00%(upstream:track)%00%(upstream:remotename)%00%(upstream:remoteref) refs/heads/master refs/remotes/master [19ms]
2023-12-18 19:13:05.786 [info] > git status -z -uall [5ms]
2023-12-18 19:13:10.881 [info] > git config --get commit.template [29ms]
2023-12-18 19:13:10.887 [info] > git for-each-ref --format=%(refname)%00%(upstream:short)%00%(objectname)%00%(upstream:track)%00%(upstream:remotename)%00%(upstream:remoteref) refs/heads/master refs/remotes/master [7ms]
2023-12-18 19:13:10.915 [info] > git status -z -uall [15ms]
2023-12-18 19:13:16.003 [info] > git config --get commit.template [17ms]
2023-12-18 19:13:16.007 [info] > git for-each-ref --format=%(refname)%00%(upstream:short)%00%(objectname)%00%(upstream:track)%00%(upstream:remotename)%00%(upstream:remoteref) refs/heads/master refs/remotes/master [4ms]
2023-12-18 19:13:16.034 [info] > git status -z -uall [12ms]
2023-12-18 19:13:21.087 [info] > git config --get commit.template [9ms]
2023-12-18 19:13:21.099 [info] > git for-each-ref --format=%(refname)%00%(upstream:short)%00%(objectname)%00%(upstream:track)%00%(upstream:remotename)%00%(upstream:remoteref) refs/heads/master refs/remotes/master [12ms]
2023-12-18 19:13:21.116 [info] > git status -z -uall [7ms]
2023-12-18 19:13:26.194 [info] > git config --get commit.template [15ms]
2023-12-18 19:13:26.199 [info] > git for-each-ref --format=%(refname)%00%(upstream:short)%00%(objectname)%00%(upstream:track)%00%(upstream:remotename)%00%(upstream:remoteref) refs/heads/master refs/remotes/master [6ms]
2023-12-18 19:13:26.215 [info] > git status -z -uall [10ms]
2023-12-18 19:13:31.303 [info] > git config --get commit.template [17ms]
2023-12-18 19:13:31.308 [info] > git for-each-ref --format=%(refname)%00%(upstream:short)%00%(objectname)%00%(upstream:track)%00%(upstream:remotename)%00%(upstream:remoteref) refs/heads/master refs/remotes/master [6ms]
2023-12-18 19:13:31.334 [info] > git status -z -uall [8ms]
2023-12-18 19:13:36.426 [info] > git config --get commit.template [16ms]
2023-12-18 19:13:36.429 [info] > git for-each-ref --format=%(refname)%00%(upstream:short)%00%(objectname)%00%(upstream:track)%00%(upstream:remotename)%00%(upstream:remoteref) refs/heads/master refs/remotes/master [3ms]
2023-12-18 19:13:36.445 [info] > git status -z -uall [9ms]
2023-12-18 19:13:41.543 [info] > git config --get commit.template [25ms]
2023-12-18 19:13:41.544 [info] > git for-each-ref --format=%(refname)%00%(upstream:short)%00%(objectname)%00%(upstream:track)%00%(upstream:remotename)%00%(upstream:remoteref) refs/heads/master refs/remotes/master [9ms]
2023-12-18 19:13:41.560 [info] > git status -z -uall [10ms]
2023-12-18 19:13:46.627 [info] > git config --get commit.template [16ms]
2023-12-18 19:13:46.631 [info] > git for-each-ref --format=%(refname)%00%(upstream:short)%00%(objectname)%00%(upstream:track)%00%(upstream:remotename)%00%(upstream:remoteref) refs/heads/master refs/remotes/master [4ms]
2023-12-18 19:13:46.662 [info] > git status -z -uall [15ms]
2023-12-18 19:13:51.751 [info] > git config --get commit.template [20ms]
2023-12-18 19:13:51.755 [info] > git for-each-ref --format=%(refname)%00%(upstream:short)%00%(objectname)%00%(upstream:track)%00%(upstream:remotename)%00%(upstream:remoteref) refs/heads/master refs/remotes/master [7ms]
2023-12-18 19:13:51.782 [info] > git status -z -uall [7ms]
2023-12-18 19:13:56.861 [info] > git config --get commit.template [29ms]
2023-12-18 19:13:56.869 [info] > git for-each-ref --format=%(refname)%00%(upstream:short)%00%(objectname)%00%(upstream:track)%00%(upstream:remotename)%00%(upstream:remoteref) refs/heads/master refs/remotes/master [9ms]
2023-12-18 19:13:56.892 [info] > git status -z -uall [12ms]
2023-12-18 19:14:01.968 [info] > git config --get commit.template [20ms]
2023-12-18 19:14:01.974 [info] > git for-each-ref --format=%(refname)%00%(upstream:short)%00%(objectname)%00%(upstream:track)%00%(upstream:remotename)%00%(upstream:remoteref) refs/heads/master refs/remotes/master [6ms]
2023-12-18 19:14:02.002 [info] > git status -z -uall [12ms]
2023-12-18 19:14:07.116 [info] > git config --get commit.template [19ms]
2023-12-18 19:14:07.122 [info] > git for-each-ref --format=%(refname)%00%(upstream:short)%00%(objectname)%00%(upstream:track)%00%(upstream:remotename)%00%(upstream:remoteref) refs/heads/master refs/remotes/master [7ms]
2023-12-18 19:14:07.139 [info] > git status -z -uall [10ms]
2023-12-18 19:14:12.211 [info] > git config --get commit.template [18ms]
2023-12-18 19:14:12.216 [info] > git for-each-ref --format=%(refname)%00%(upstream:short)%00%(objectname)%00%(upstream:track)%00%(upstream:remotename)%00%(upstream:remoteref) refs/heads/master refs/remotes/master [5ms]
2023-12-18 19:14:12.245 [info] > git status -z -uall [15ms]
2023-12-18 19:14:17.331 [info] > git config --get commit.template [17ms]
2023-12-18 19:14:17.340 [info] > git for-each-ref --format=%(refname)%00%(upstream:short)%00%(objectname)%00%(upstream:track)%00%(upstream:remotename)%00%(upstream:remoteref) refs/heads/master refs/remotes/master [10ms]
2023-12-18 19:14:17.356 [info] > git status -z -uall [10ms]
2023-12-18 19:14:22.439 [info] > git config --get commit.template [18ms]
2023-12-18 19:14:22.441 [info] > git for-each-ref --format=%(refname)%00%(upstream:short)%00%(objectname)%00%(upstream:track)%00%(upstream:remotename)%00%(upstream:remoteref) refs/heads/master refs/remotes/master [3ms]
2023-12-18 19:14:22.461 [info] > git status -z -uall [7ms]
2023-12-18 19:14:27.523 [info] > git config --get commit.template [23ms]
2023-12-18 19:14:27.531 [info] > git for-each-ref --format=%(refname)%00%(upstream:short)%00%(objectname)%00%(upstream:track)%00%(upstream:remotename)%00%(upstream:remoteref) refs/heads/master refs/remotes/master [9ms]
2023-12-18 19:14:27.555 [info] > git status -z -uall [15ms]
2023-12-18 19:14:32.655 [info] > git config --get commit.template [18ms]
2023-12-18 19:14:32.660 [info] > git for-each-ref --format=%(refname)%00%(upstream:short)%00%(objectname)%00%(upstream:track)%00%(upstream:remotename)%00%(upstream:remoteref) refs/heads/master refs/remotes/master [6ms]
2023-12-18 19:14:32.688 [info] > git status -z -uall [13ms]
2023-12-18 19:14:37.776 [info] > git config --get commit.template [20ms]
2023-12-18 19:14:37.783 [info] > git for-each-ref --format=%(refname)%00%(upstream:short)%00%(objectname)%00%(upstream:track)%00%(upstream:remotename)%00%(upstream:remoteref) refs/heads/master refs/remotes/master [8ms]
2023-12-18 19:14:37.800 [info] > git status -z -uall [10ms]
