2023-12-17 23:01:10.096 [info] Extension host with pid 7605 started
2023-12-17 23:01:10.096 [info] Skipping acquiring lock for /home/kabbash/docker-course/frontend-app/~/.vscode-root/User/workspaceStorage/0261dec27299f1c4c3ec418e3fbde91d.
2023-12-17 23:01:10.348 [info] ExtensionService#_doActivateExtension vscode.emmet, startup: false, activationEvent: 'onLanguage'
2023-12-17 23:01:10.375 [info] ExtensionService#_doActivateExtension vscode.typescript-language-features, startup: false, activationEvent: 'onLanguage:javascript'
2023-12-17 23:01:11.541 [info] ExtensionService#_doActivateExtension vscode.git-base, startup: true, activationEvent: '*', root cause: vscode.git
2023-12-17 23:01:11.545 [info] ExtensionService#_doActivateExtension vscode.npm, startup: true, activationEvent: 'workspaceContains:package.json'
2023-12-17 23:01:11.777 [info] ExtensionService#_doActivateExtension vscode.git, startup: true, activationEvent: '*'
2023-12-17 23:01:11.881 [info] ExtensionService#_doActivateExtension vscode.github, startup: true, activationEvent: '*'
2023-12-17 23:01:14.953 [info] Eager extensions activated
2023-12-17 23:01:15.583 [info] ExtensionService#_doActivateExtension vscode.debug-auto-launch, startup: false, activationEvent: 'onStartupFinished'
2023-12-17 23:01:15.585 [info] ExtensionService#_doActivateExtension vscode.merge-conflict, startup: false, activationEvent: 'onStartupFinished'
2023-12-17 23:01:18.755 [info] ExtensionService#_doActivateExtension ms-azuretools.vscode-docker, startup: false, activationEvent: 'onLanguage:dockerfile'
2023-12-18 19:10:50.065 [warning] [Decorations] CAPPING events from decorations provider vscode.git 341
2023-12-18 19:10:50.575 [warning] [Decorations] CAPPING events from decorations provider vscode.git 341
2023-12-18 19:10:51.925 [warning] [Decorations] CAPPING events from decorations provider vscode.git 341
2023-12-18 19:10:57.047 [warning] [Decorations] CAPPING events from decorations provider vscode.git 341
2023-12-18 19:11:02.097 [warning] [Decorations] CAPPING events from decorations provider vscode.git 341
2023-12-18 19:11:07.182 [warning] [Decorations] CAPPING events from decorations provider vscode.git 341
2023-12-18 19:11:14.032 [warning] [Decorations] CAPPING events from decorations provider vscode.git 341
2023-12-18 19:11:19.136 [warning] [Decorations] CAPPING events from decorations provider vscode.git 341
2023-12-18 19:11:24.195 [warning] [Decorations] CAPPING events from decorations provider vscode.git 341
2023-12-18 19:11:29.267 [warning] [Decorations] CAPPING events from decorations provider vscode.git 341
2023-12-18 19:11:34.342 [warning] [Decorations] CAPPING events from decorations provider vscode.git 341
2023-12-18 19:11:39.409 [warning] [Decorations] CAPPING events from decorations provider vscode.git 341
2023-12-18 19:11:44.448 [warning] [Decorations] CAPPING events from decorations provider vscode.git 341
2023-12-18 19:11:49.514 [warning] [Decorations] CAPPING events from decorations provider vscode.git 341
2023-12-18 19:11:54.562 [warning] [Decorations] CAPPING events from decorations provider vscode.git 341
2023-12-18 19:11:59.635 [warning] [Decorations] CAPPING events from decorations provider vscode.git 341
2023-12-18 19:12:04.695 [warning] [Decorations] CAPPING events from decorations provider vscode.git 341
2023-12-18 19:12:09.853 [warning] [Decorations] CAPPING events from decorations provider vscode.git 341
2023-12-18 19:12:14.912 [warning] [Decorations] CAPPING events from decorations provider vscode.git 341
2023-12-18 19:12:19.983 [warning] [Decorations] CAPPING events from decorations provider vscode.git 341
2023-12-18 19:12:35.272 [warning] [Decorations] CAPPING events from decorations provider vscode.git 341
2023-12-18 19:12:40.360 [warning] [Decorations] CAPPING events from decorations provider vscode.git 341
2023-12-18 19:12:45.426 [warning] [Decorations] CAPPING events from decorations provider vscode.git 341
2023-12-18 19:12:50.538 [warning] [Decorations] CAPPING events from decorations provider vscode.git 341
2023-12-18 19:12:55.609 [warning] [Decorations] CAPPING events from decorations provider vscode.git 341
2023-12-18 19:13:00.684 [warning] [Decorations] CAPPING events from decorations provider vscode.git 341
2023-12-18 19:13:05.797 [warning] [Decorations] CAPPING events from decorations provider vscode.git 341
2023-12-18 19:13:10.923 [warning] [Decorations] CAPPING events from decorations provider vscode.git 341
2023-12-18 19:13:16.043 [warning] [Decorations] CAPPING events from decorations provider vscode.git 341
2023-12-18 19:13:21.120 [warning] [Decorations] CAPPING events from decorations provider vscode.git 341
2023-12-18 19:13:26.220 [warning] [Decorations] CAPPING events from decorations provider vscode.git 341
2023-12-18 19:13:31.349 [warning] [Decorations] CAPPING events from decorations provider vscode.git 341
2023-12-18 19:13:36.460 [warning] [Decorations] CAPPING events from decorations provider vscode.git 341
2023-12-18 19:13:41.564 [warning] [Decorations] CAPPING events from decorations provider vscode.git 341
2023-12-18 19:13:46.672 [warning] [Decorations] CAPPING events from decorations provider vscode.git 341
2023-12-18 19:13:51.791 [warning] [Decorations] CAPPING events from decorations provider vscode.git 341
2023-12-18 19:13:56.898 [warning] [Decorations] CAPPING events from decorations provider vscode.git 341
2023-12-18 19:14:02.012 [warning] [Decorations] CAPPING events from decorations provider vscode.git 341
2023-12-18 19:14:07.144 [warning] [Decorations] CAPPING events from decorations provider vscode.git 341
2023-12-18 19:14:12.254 [warning] [Decorations] CAPPING events from decorations provider vscode.git 341
2023-12-18 19:14:17.363 [warning] [Decorations] CAPPING events from decorations provider vscode.git 341
2023-12-18 19:14:22.479 [warning] [Decorations] CAPPING events from decorations provider vscode.git 341
2023-12-18 19:14:27.572 [warning] [Decorations] CAPPING events from decorations provider vscode.git 341
2023-12-18 19:14:32.693 [warning] [Decorations] CAPPING events from decorations provider vscode.git 341
2023-12-18 19:14:37.805 [warning] [Decorations] CAPPING events from decorations provider vscode.git 341
